[INFO ][20160919 15:34:14,735][AbstractApplicationContext:510] Refreshing org.springframework.context.support.ClassPathXmlApplicationContext@2fecdb1b: startup date [Mon Sep 19 15:34:14 CST 2016]; root of context hierarchy
[INFO ][20160919 15:34:14,885][XmlBeanDefinitionReader:315] Loading XML bean definitions from class path resource [spring/spring-context.xml]
[INFO ][20160919 15:34:15,307][XmlBeanDefinitionReader:315] Loading XML bean definitions from class path resource [spring/spring-redis.xml]
[INFO ][20160919 15:34:15,665][DefaultListableBeanFactory:598] Pre-instantiating singletons in org.springframework.beans.factory.support.DefaultListableBeanFactory@305aecd9: defining beans [org.springframework.context.annotation.internalConfigurationAnnotationProcessor,org.springframework.context.annotation.internalAutowiredAnnotationProcessor,org.springframework.context.annotation.internalRequiredAnnotationProcessor,org.springframework.context.annotation.internalCommonAnnotationProcessor,org.springframework.aop.config.internalAutoProxyCreator,jedisPoolConfig,shardedJedisPool,org.springframework.context.annotation.ConfigurationClassPostProcessor.importAwareProcessor]; root of factory hierarchy
[ERROR][20160919 15:34:18,027][RedisSpringTest:46] ==>RedisSpringTest context start error:
redis.clients.jedis.exceptions.JedisConnectionException: java.net.SocketTimeoutException: connect timed out
	at redis.clients.jedis.Connection.connect(Connection.java:148)
	at redis.clients.jedis.BinaryClient.connect(BinaryClient.java:75)
	at redis.clients.jedis.Connection.sendCommand(Connection.java:77)
	at redis.clients.jedis.BinaryClient.del(BinaryClient.java:114)
	at redis.clients.jedis.Client.del(Client.java:46)
	at redis.clients.jedis.Jedis.del(Jedis.java:123)
	at redis.clients.jedis.ShardedJedis.del(ShardedJedis.java:218)
	at com.lwhtarena.edu.demo.redis.RedisSpringTest.main(RedisSpringTest.java:30)
	at sun.reflect.NativeMethodAccessorImpl.invoke0(Native Method)
	at sun.reflect.NativeMethodAccessorImpl.invoke(NativeMethodAccessorImpl.java:57)
	at sun.reflect.DelegatingMethodAccessorImpl.invoke(DelegatingMethodAccessorImpl.java:43)
	at java.lang.reflect.Method.invoke(Method.java:606)
	at com.intellij.rt.execution.application.AppMain.main(AppMain.java:144)
Caused by: java.net.SocketTimeoutException: connect timed out
	at java.net.DualStackPlainSocketImpl.waitForConnect(Native Method)
	at java.net.DualStackPlainSocketImpl.socketConnect(DualStackPlainSocketImpl.java:85)
	at java.net.AbstractPlainSocketImpl.doConnect(AbstractPlainSocketImpl.java:339)
	at java.net.AbstractPlainSocketImpl.connectToAddress(AbstractPlainSocketImpl.java:200)
	at java.net.AbstractPlainSocketImpl.connect(AbstractPlainSocketImpl.java:182)
	at java.net.PlainSocketImpl.connect(PlainSocketImpl.java:172)
	at java.net.SocksSocketImpl.connect(SocksSocketImpl.java:392)
	at java.net.Socket.connect(Socket.java:579)
	at redis.clients.jedis.Connection.connect(Connection.java:142)
	... 12 more
[INFO ][20160919 15:43:23,750][AbstractApplicationContext:510] Refreshing org.springframework.context.support.ClassPathXmlApplicationContext@2fecdb1b: startup date [Mon Sep 19 15:43:23 CST 2016]; root of context hierarchy
[INFO ][20160919 15:43:23,911][XmlBeanDefinitionReader:315] Loading XML bean definitions from class path resource [spring/spring-context.xml]
[INFO ][20160919 15:43:24,311][XmlBeanDefinitionReader:315] Loading XML bean definitions from class path resource [spring/spring-redis.xml]
[INFO ][20160919 15:43:24,693][DefaultListableBeanFactory:598] Pre-instantiating singletons in org.springframework.beans.factory.support.DefaultListableBeanFactory@2173b35c: defining beans [org.springframework.context.annotation.internalConfigurationAnnotationProcessor,org.springframework.context.annotation.internalAutowiredAnnotationProcessor,org.springframework.context.annotation.internalRequiredAnnotationProcessor,org.springframework.context.annotation.internalCommonAnnotationProcessor,org.springframework.aop.config.internalAutoProxyCreator,jedisPoolConfig,shardedJedisPool,org.springframework.context.annotation.ConfigurationClassPostProcessor.importAwareProcessor]; root of factory hierarchy
[ERROR][20160919 15:43:26,127][RedisSpringTest:46] ==>RedisSpringTest context start error:
redis.clients.jedis.exceptions.JedisConnectionException: java.net.ConnectException: Connection refused: connect
	at redis.clients.jedis.Connection.connect(Connection.java:148)
	at redis.clients.jedis.BinaryClient.connect(BinaryClient.java:75)
	at redis.clients.jedis.Connection.sendCommand(Connection.java:77)
	at redis.clients.jedis.BinaryClient.del(BinaryClient.java:114)
	at redis.clients.jedis.Client.del(Client.java:46)
	at redis.clients.jedis.Jedis.del(Jedis.java:123)
	at redis.clients.jedis.ShardedJedis.del(ShardedJedis.java:218)
	at com.lwhtarena.edu.demo.redis.RedisSpringTest.main(RedisSpringTest.java:30)
	at sun.reflect.NativeMethodAccessorImpl.invoke0(Native Method)
	at sun.reflect.NativeMethodAccessorImpl.invoke(NativeMethodAccessorImpl.java:57)
	at sun.reflect.DelegatingMethodAccessorImpl.invoke(DelegatingMethodAccessorImpl.java:43)
	at java.lang.reflect.Method.invoke(Method.java:606)
	at com.intellij.rt.execution.application.AppMain.main(AppMain.java:144)
Caused by: java.net.ConnectException: Connection refused: connect
	at java.net.DualStackPlainSocketImpl.waitForConnect(Native Method)
	at java.net.DualStackPlainSocketImpl.socketConnect(DualStackPlainSocketImpl.java:85)
	at java.net.AbstractPlainSocketImpl.doConnect(AbstractPlainSocketImpl.java:339)
	at java.net.AbstractPlainSocketImpl.connectToAddress(AbstractPlainSocketImpl.java:200)
	at java.net.AbstractPlainSocketImpl.connect(AbstractPlainSocketImpl.java:182)
	at java.net.PlainSocketImpl.connect(PlainSocketImpl.java:172)
	at java.net.SocksSocketImpl.connect(SocksSocketImpl.java:392)
	at java.net.Socket.connect(Socket.java:579)
	at redis.clients.jedis.Connection.connect(Connection.java:142)
	... 12 more
