[INFO ][20160919 01:51:17,301][AbstractApplicationContext:510] Refreshing org.springframework.context.support.ClassPathXmlApplicationContext@42ac76c0: startup date [Mon Sep 19 01:51:17 CST 2016]; root of context hierarchy
[INFO ][20160919 01:51:17,421][XmlBeanDefinitionReader:315] Loading XML bean definitions from class path resource [spring/spring-context.xml]
[INFO ][20160919 01:51:18,128][XmlBeanDefinitionReader:315] Loading XML bean definitions from class path resource [spring/spring-mq.xml]
[INFO ][20160919 01:51:18,504][PropertiesLoaderSupport:172] Loading properties file from class path resource [mq.properties]
[INFO ][20160919 01:51:18,826][DefaultListableBeanFactory:598] Pre-instantiating singletons in org.springframework.beans.factory.support.DefaultListableBeanFactory@16dea9e9: defining beans [org.springframework.context.annotation.internalConfigurationAnnotationProcessor,org.springframework.context.annotation.internalAutowiredAnnotationProcessor,org.springframework.context.annotation.internalRequiredAnnotationProcessor,org.springframework.context.annotation.internalCommonAnnotationProcessor,org.springframework.context.support.PropertySourcesPlaceholderConfigurer#0,org.springframework.aop.config.internalAutoProxyCreator,targetConnectionFactory,pooledConnectionFactory,connectionFactory,activeMqJmsTemplate,org.springframework.context.annotation.ConfigurationClassPostProcessor.importAwareProcessor]; root of factory hierarchy
[ERROR][20160919 01:51:19,328][MQProducerTest:34] ==>MQ context start error:
org.springframework.beans.factory.NoSuchBeanDefinitionException: No bean named 'mqProducer' is defined
	at org.springframework.beans.factory.support.DefaultListableBeanFactory.getBeanDefinition(DefaultListableBeanFactory.java:570)
	at org.springframework.beans.factory.support.AbstractBeanFactory.getMergedLocalBeanDefinition(AbstractBeanFactory.java:1108)
	at org.springframework.beans.factory.support.AbstractBeanFactory.doGetBean(AbstractBeanFactory.java:278)
	at org.springframework.beans.factory.support.AbstractBeanFactory.getBean(AbstractBeanFactory.java:194)
	at org.springframework.context.support.AbstractApplicationContext.getBean(AbstractApplicationContext.java:1117)
	at com.lwhtarena.edu.demo.mqtest.MQProducerTest.main(MQProducerTest.java:23)
	at sun.reflect.NativeMethodAccessorImpl.invoke0(Native Method)
	at sun.reflect.NativeMethodAccessorImpl.invoke(NativeMethodAccessorImpl.java:57)
	at sun.reflect.DelegatingMethodAccessorImpl.invoke(DelegatingMethodAccessorImpl.java:43)
	at java.lang.reflect.Method.invoke(Method.java:606)
	at com.intellij.rt.execution.application.AppMain.main(AppMain.java:144)
[INFO ][20160919 01:52:19,631][AbstractApplicationContext:510] Refreshing org.springframework.context.support.ClassPathXmlApplicationContext@42ac76c0: startup date [Mon Sep 19 01:52:19 CST 2016]; root of context hierarchy
[INFO ][20160919 01:52:19,777][XmlBeanDefinitionReader:315] Loading XML bean definitions from class path resource [spring/spring-context.xml]
[INFO ][20160919 01:52:20,304][XmlBeanDefinitionReader:315] Loading XML bean definitions from class path resource [spring/spring-mq.xml]
[INFO ][20160919 01:52:20,611][PropertiesLoaderSupport:172] Loading properties file from class path resource [mq.properties]
[INFO ][20160919 01:52:20,732][DefaultListableBeanFactory:598] Pre-instantiating singletons in org.springframework.beans.factory.support.DefaultListableBeanFactory@426f2ac6: defining beans [org.springframework.context.annotation.internalConfigurationAnnotationProcessor,org.springframework.context.annotation.internalAutowiredAnnotationProcessor,org.springframework.context.annotation.internalRequiredAnnotationProcessor,org.springframework.context.annotation.internalCommonAnnotationProcessor,mqProducer,org.springframework.context.support.PropertySourcesPlaceholderConfigurer#0,org.springframework.aop.config.internalAutoProxyCreator,targetConnectionFactory,pooledConnectionFactory,connectionFactory,activeMqJmsTemplate,org.springframework.context.annotation.ConfigurationClassPostProcessor.importAwareProcessor]; root of factory hierarchy
[INFO ][20160919 01:52:21,889][SingleConnectionFactory:291] Established shared JMS Connection: PooledConnection { ConnectionPool[ActiveMQConnection {id=ID:DESKTOP-L2SK08J-12732-1474221141760-1:1,clientId=null,started=false}] }
[INFO ][20160919 01:52:23,026][MQProducerTest:37] ===>System.exit
[INFO ][20160919 02:20:32,834][AbstractApplicationContext:510] Refreshing org.springframework.context.support.ClassPathXmlApplicationContext@42ac76c0: startup date [Mon Sep 19 02:20:32 CST 2016]; root of context hierarchy
[INFO ][20160919 02:20:32,946][XmlBeanDefinitionReader:315] Loading XML bean definitions from class path resource [spring/spring-context.xml]
[INFO ][20160919 02:20:33,504][XmlBeanDefinitionReader:315] Loading XML bean definitions from class path resource [spring/spring-mq.xml]
[INFO ][20160919 02:20:33,849][PropertiesLoaderSupport:172] Loading properties file from class path resource [mq.properties]
[INFO ][20160919 02:20:34,005][DefaultListableBeanFactory:598] Pre-instantiating singletons in org.springframework.beans.factory.support.DefaultListableBeanFactory@426f2ac6: defining beans [org.springframework.context.annotation.internalConfigurationAnnotationProcessor,org.springframework.context.annotation.internalAutowiredAnnotationProcessor,org.springframework.context.annotation.internalRequiredAnnotationProcessor,org.springframework.context.annotation.internalCommonAnnotationProcessor,mqProducer,org.springframework.context.support.PropertySourcesPlaceholderConfigurer#0,org.springframework.aop.config.internalAutoProxyCreator,targetConnectionFactory,pooledConnectionFactory,connectionFactory,activeMqJmsTemplate,org.springframework.context.annotation.ConfigurationClassPostProcessor.importAwareProcessor]; root of factory hierarchy
[INFO ][20160919 02:20:34,930][SingleConnectionFactory:291] Established shared JMS Connection: PooledConnection { ConnectionPool[ActiveMQConnection {id=ID:DESKTOP-L2SK08J-7704-1474222834793-1:1,clientId=null,started=false}] }
[INFO ][20160919 02:20:35,251][MQProducerTest:37] ===>System.exit
[INFO ][20160919 02:24:36,219][AbstractApplicationContext:510] Refreshing org.springframework.context.support.ClassPathXmlApplicationContext@42ac76c0: startup date [Mon Sep 19 02:24:36 CST 2016]; root of context hierarchy
[INFO ][20160919 02:24:36,392][XmlBeanDefinitionReader:315] Loading XML bean definitions from class path resource [spring/spring-context.xml]
[INFO ][20160919 02:24:36,910][XmlBeanDefinitionReader:315] Loading XML bean definitions from class path resource [spring/spring-mq.xml]
[INFO ][20160919 02:24:37,266][PropertiesLoaderSupport:172] Loading properties file from class path resource [mq.properties]
[INFO ][20160919 02:24:37,607][DefaultListableBeanFactory:598] Pre-instantiating singletons in org.springframework.beans.factory.support.DefaultListableBeanFactory@426f2ac6: defining beans [org.springframework.context.annotation.internalConfigurationAnnotationProcessor,org.springframework.context.annotation.internalAutowiredAnnotationProcessor,org.springframework.context.annotation.internalRequiredAnnotationProcessor,org.springframework.context.annotation.internalCommonAnnotationProcessor,mqProducer,org.springframework.context.support.PropertySourcesPlaceholderConfigurer#0,org.springframework.aop.config.internalAutoProxyCreator,targetConnectionFactory,pooledConnectionFactory,connectionFactory,activeMqJmsTemplate,org.springframework.context.annotation.ConfigurationClassPostProcessor.importAwareProcessor]; root of factory hierarchy
[INFO ][20160919 02:24:38,413][SingleConnectionFactory:291] Established shared JMS Connection: PooledConnection { ConnectionPool[ActiveMQConnection {id=ID:DESKTOP-L2SK08J-7869-1474223078283-1:1,clientId=null,started=false}] }
[INFO ][20160919 02:24:38,929][MQProducerTest:37] ===>System.exit
[INFO ][20160919 02:35:00,956][AbstractApplicationContext:510] Refreshing org.springframework.context.support.ClassPathXmlApplicationContext@205749c6: startup date [Mon Sep 19 02:35:00 CST 2016]; root of context hierarchy
[INFO ][20160919 02:35:01,108][XmlBeanDefinitionReader:315] Loading XML bean definitions from class path resource [spring/spring-context.xml]
[INFO ][20160919 02:35:01,636][XmlBeanDefinitionReader:315] Loading XML bean definitions from class path resource [spring/spring-mq.xml]
[INFO ][20160919 02:35:01,982][PropertiesLoaderSupport:172] Loading properties file from class path resource [mq.properties]
[INFO ][20160919 02:35:02,205][DefaultListableBeanFactory:598] Pre-instantiating singletons in org.springframework.beans.factory.support.DefaultListableBeanFactory@2686695c: defining beans [org.springframework.context.annotation.internalConfigurationAnnotationProcessor,org.springframework.context.annotation.internalAutowiredAnnotationProcessor,org.springframework.context.annotation.internalRequiredAnnotationProcessor,org.springframework.context.annotation.internalCommonAnnotationProcessor,mqProducer,org.springframework.context.support.PropertySourcesPlaceholderConfigurer#0,org.springframework.aop.config.internalAutoProxyCreator,targetConnectionFactory,pooledConnectionFactory,connectionFactory,activeMqJmsTemplate,org.springframework.context.annotation.ConfigurationClassPostProcessor.importAwareProcessor]; root of factory hierarchy
[INFO ][20160919 02:35:03,161][SingleConnectionFactory:291] Established shared JMS Connection: PooledConnection { ConnectionPool[ActiveMQConnection {id=ID:DESKTOP-L2SK08J-8550-1474223703023-1:1,clientId=null,started=false}] }
[INFO ][20160919 02:35:03,573][MQProducerTest:37] ===>System.exit
[INFO ][20160919 12:15:06,917][AbstractApplicationContext:510] Refreshing org.springframework.context.support.ClassPathXmlApplicationContext@48a85972: startup date [Mon Sep 19 12:15:06 CST 2016]; root of context hierarchy
[INFO ][20160919 12:15:07,019][XmlBeanDefinitionReader:315] Loading XML bean definitions from class path resource [spring/spring-context.xml]
[INFO ][20160919 12:15:07,935][XmlBeanDefinitionReader:315] Loading XML bean definitions from class path resource [spring/spring-mq.xml]
[INFO ][20160919 12:15:08,201][PropertiesLoaderSupport:172] Loading properties file from class path resource [mq.properties]
[INFO ][20160919 12:15:08,305][DefaultListableBeanFactory:598] Pre-instantiating singletons in org.springframework.beans.factory.support.DefaultListableBeanFactory@10614f3d: defining beans [org.springframework.context.annotation.internalConfigurationAnnotationProcessor,org.springframework.context.annotation.internalAutowiredAnnotationProcessor,org.springframework.context.annotation.internalRequiredAnnotationProcessor,org.springframework.context.annotation.internalCommonAnnotationProcessor,mqProducer,org.springframework.context.support.PropertySourcesPlaceholderConfigurer#0,org.springframework.aop.config.internalAutoProxyCreator,targetConnectionFactory,pooledConnectionFactory,connectionFactory,activeMqJmsTemplate,org.springframework.context.annotation.ConfigurationClassPostProcessor.importAwareProcessor]; root of factory hierarchy
[INFO ][20160919 12:15:08,956][SingleConnectionFactory:291] Established shared JMS Connection: PooledConnection { ConnectionPool[ActiveMQConnection {id=ID:DESKTOP-L2SK08J-7026-1474258508826-1:1,clientId=null,started=false}] }
[INFO ][20160919 12:15:09,563][MQProducerTest:37] ===>System.exit
[INFO ][20160919 12:19:09,692][AbstractApplicationContext:510] Refreshing org.springframework.context.support.ClassPathXmlApplicationContext@42ac76c0: startup date [Mon Sep 19 12:19:09 CST 2016]; root of context hierarchy
[INFO ][20160919 12:19:09,794][XmlBeanDefinitionReader:315] Loading XML bean definitions from class path resource [spring/spring-context.xml]
[INFO ][20160919 12:19:10,237][XmlBeanDefinitionReader:315] Loading XML bean definitions from class path resource [spring/spring-mq.xml]
[INFO ][20160919 12:19:10,563][PropertiesLoaderSupport:172] Loading properties file from class path resource [mq.properties]
[INFO ][20160919 12:19:10,750][DefaultListableBeanFactory:598] Pre-instantiating singletons in org.springframework.beans.factory.support.DefaultListableBeanFactory@2686695c: defining beans [org.springframework.context.annotation.internalConfigurationAnnotationProcessor,org.springframework.context.annotation.internalAutowiredAnnotationProcessor,org.springframework.context.annotation.internalRequiredAnnotationProcessor,org.springframework.context.annotation.internalCommonAnnotationProcessor,mqProducer,org.springframework.context.support.PropertySourcesPlaceholderConfigurer#0,org.springframework.aop.config.internalAutoProxyCreator,targetConnectionFactory,pooledConnectionFactory,connectionFactory,activeMqJmsTemplate,org.springframework.context.annotation.ConfigurationClassPostProcessor.importAwareProcessor]; root of factory hierarchy
[INFO ][20160919 12:19:11,669][SingleConnectionFactory:291] Established shared JMS Connection: PooledConnection { ConnectionPool[ActiveMQConnection {id=ID:DESKTOP-L2SK08J-7565-1474258751526-1:1,clientId=null,started=false}] }
[INFO ][20160919 12:19:12,126][MQProducerTest:37] ===>System.exit
[INFO ][20160919 12:34:21,976][AbstractApplicationContext:510] Refreshing org.springframework.context.support.ClassPathXmlApplicationContext@48a85972: startup date [Mon Sep 19 12:34:21 CST 2016]; root of context hierarchy
[INFO ][20160919 12:34:22,073][XmlBeanDefinitionReader:315] Loading XML bean definitions from class path resource [spring/spring-context.xml]
[INFO ][20160919 12:34:22,567][XmlBeanDefinitionReader:315] Loading XML bean definitions from class path resource [spring/spring-mq.xml]
[INFO ][20160919 12:34:22,878][PropertiesLoaderSupport:172] Loading properties file from class path resource [mq.properties]
[INFO ][20160919 12:34:22,966][DefaultListableBeanFactory:598] Pre-instantiating singletons in org.springframework.beans.factory.support.DefaultListableBeanFactory@426f2ac6: defining beans [org.springframework.context.annotation.internalConfigurationAnnotationProcessor,org.springframework.context.annotation.internalAutowiredAnnotationProcessor,org.springframework.context.annotation.internalRequiredAnnotationProcessor,org.springframework.context.annotation.internalCommonAnnotationProcessor,mqProducer,org.springframework.context.support.PropertySourcesPlaceholderConfigurer#0,org.springframework.aop.config.internalAutoProxyCreator,targetConnectionFactory,pooledConnectionFactory,connectionFactory,activeMqJmsTemplate,org.springframework.context.annotation.ConfigurationClassPostProcessor.importAwareProcessor]; root of factory hierarchy
[INFO ][20160919 12:34:23,584][SingleConnectionFactory:291] Established shared JMS Connection: PooledConnection { ConnectionPool[ActiveMQConnection {id=ID:DESKTOP-L2SK08J-9671-1474259663443-1:1,clientId=null,started=false}] }
[INFO ][20160919 12:34:24,224][MQProducerTest:37] ===>System.exit
