[INFO ][20160919 02:01:02,744][AbstractApplicationContext:510] Refreshing org.springframework.context.support.ClassPathXmlApplicationContext@79414306: startup date [Mon Sep 19 02:01:02 CST 2016]; root of context hierarchy
[INFO ][20160919 02:01:02,908][XmlBeanDefinitionReader:315] Loading XML bean definitions from class path resource [spring/spring-context.xml]
[INFO ][20160919 02:01:03,772][XmlBeanDefinitionReader:315] Loading XML bean definitions from class path resource [spring/spring-mq.xml]
[INFO ][20160919 02:01:03,920][DefaultListableBeanFactory:665] Overriding bean definition for bean 'consumerSessionAwareMessageListener': replacing [Generic bean: class [com.liwenhao.edu.demo.mqtest.listener.ConsumerSessionAwareMessageListener]; scope=singleton; abstract=false; lazyInit=false; autowireMode=1; dependencyCheck=0; autowireCandidate=true; primary=false; factoryBeanName=null; factoryMethodName=null; initMethodName=null; destroyMethodName=null; defined in file [D:\IntellijSpace\dubbo\edu-dubbo\edu-demo-mqconsumer\target\classes\com\liwenhao\edu\demo\mqtest\listener\ConsumerSessionAwareMessageListener.class]] with [Generic bean: class [com.liwenhao.edu.demo.mqtest.listener.ConsumerSessionAwareMessageListener]; scope=; abstract=false; lazyInit=false; autowireMode=1; dependencyCheck=0; autowireCandidate=true; primary=false; factoryBeanName=null; factoryMethodName=null; initMethodName=null; destroyMethodName=null; defined in class path resource [spring/spring-mq.xml]]
[INFO ][20160919 02:01:03,924][XmlBeanDefinitionReader:315] Loading XML bean definitions from class path resource [spring/spring-mail.xml]
[INFO ][20160919 02:01:04,864][PropertiesLoaderSupport:172] Loading properties file from class path resource [mq.properties]
[INFO ][20160919 02:01:04,866][PropertiesLoaderSupport:172] Loading properties file from class path resource [mail.properties]
[INFO ][20160919 02:01:05,311][DefaultListableBeanFactory:598] Pre-instantiating singletons in org.springframework.beans.factory.support.DefaultListableBeanFactory@17057422: defining beans [org.springframework.context.annotation.internalConfigurationAnnotationProcessor,org.springframework.context.annotation.internalAutowiredAnnotationProcessor,org.springframework.context.annotation.internalRequiredAnnotationProcessor,org.springframework.context.annotation.internalCommonAnnotationProcessor,mailBiz,consumerSessionAwareMessageListener,org.springframework.context.support.PropertySourcesPlaceholderConfigurer#0,org.springframework.aop.config.internalAutoProxyCreator,targetConnectionFactory,pooledConnectionFactory,connectionFactory,activeMqJmsTemplate,sessionAwareQueue,sessionAwareListenerContainer,mailSender,simpleMailMessage,threadPool,org.springframework.context.annotation.ConfigurationClassPostProcessor.importAwareProcessor]; root of factory hierarchy
[INFO ][20160919 02:01:05,723][ExecutorConfigurationSupport:154] Initializing ExecutorService  'threadPool'
[INFO ][20160919 02:01:06,266][DefaultLifecycleProcessor$LifecycleGroup:334] Starting beans in phase 2147483647
[INFO ][20160919 02:01:06,584][SingleConnectionFactory:291] Established shared JMS Connection: PooledConnection { ConnectionPool[ActiveMQConnection {id=ID:DESKTOP-L2SK08J-13393-1474221666457-1:1,clientId=null,started=false}] }
[INFO ][20160919 02:01:06,676][DefaultLifecycleProcessor$LifecycleGroup:334] Starting beans in phase 2147483647
[INFO ][20160919 02:01:06,814][ConsumerSessionAwareMessageListener:41] ==>receive message:{"content":"通过ActiveMQ异步发送邮件！","subject":"ActiveMQ测试","to":"liwenhao@163.com"}
[INFO ][20160919 02:22:05,807][AbstractApplicationContext:510] Refreshing org.springframework.context.support.ClassPathXmlApplicationContext@66968df8: startup date [Mon Sep 19 02:22:05 CST 2016]; root of context hierarchy
[INFO ][20160919 02:22:05,953][XmlBeanDefinitionReader:315] Loading XML bean definitions from class path resource [spring/spring-context.xml]
[INFO ][20160919 02:22:06,460][XmlBeanDefinitionReader:315] Loading XML bean definitions from class path resource [spring/spring-mq.xml]
[INFO ][20160919 02:22:06,548][DefaultListableBeanFactory:665] Overriding bean definition for bean 'consumerSessionAwareMessageListener': replacing [Generic bean: class [com.liwenhao.edu.demo.mqtest.listener.ConsumerSessionAwareMessageListener]; scope=singleton; abstract=false; lazyInit=false; autowireMode=1; dependencyCheck=0; autowireCandidate=true; primary=false; factoryBeanName=null; factoryMethodName=null; initMethodName=null; destroyMethodName=null; defined in file [D:\IntellijSpace\dubbo\edu-dubbo\edu-demo-mqconsumer\target\classes\com\liwenhao\edu\demo\mqtest\listener\ConsumerSessionAwareMessageListener.class]] with [Generic bean: class [com.liwenhao.edu.demo.mqtest.listener.ConsumerSessionAwareMessageListener]; scope=; abstract=false; lazyInit=false; autowireMode=1; dependencyCheck=0; autowireCandidate=true; primary=false; factoryBeanName=null; factoryMethodName=null; initMethodName=null; destroyMethodName=null; defined in class path resource [spring/spring-mq.xml]]
[INFO ][20160919 02:22:06,550][XmlBeanDefinitionReader:315] Loading XML bean definitions from class path resource [spring/spring-mail.xml]
[INFO ][20160919 02:22:06,971][PropertiesLoaderSupport:172] Loading properties file from class path resource [mq.properties]
[INFO ][20160919 02:22:06,972][PropertiesLoaderSupport:172] Loading properties file from class path resource [mail.properties]
[INFO ][20160919 02:22:07,657][DefaultListableBeanFactory:598] Pre-instantiating singletons in org.springframework.beans.factory.support.DefaultListableBeanFactory@670b6ffc: defining beans [org.springframework.context.annotation.internalConfigurationAnnotationProcessor,org.springframework.context.annotation.internalAutowiredAnnotationProcessor,org.springframework.context.annotation.internalRequiredAnnotationProcessor,org.springframework.context.annotation.internalCommonAnnotationProcessor,mailBiz,consumerSessionAwareMessageListener,org.springframework.context.support.PropertySourcesPlaceholderConfigurer#0,org.springframework.aop.config.internalAutoProxyCreator,targetConnectionFactory,pooledConnectionFactory,connectionFactory,activeMqJmsTemplate,sessionAwareQueue,sessionAwareListenerContainer,mailSender,simpleMailMessage,threadPool,org.springframework.context.annotation.ConfigurationClassPostProcessor.importAwareProcessor]; root of factory hierarchy
[INFO ][20160919 02:22:08,308][ExecutorConfigurationSupport:154] Initializing ExecutorService  'threadPool'
[INFO ][20160919 02:22:08,787][DefaultLifecycleProcessor$LifecycleGroup:334] Starting beans in phase 2147483647
[INFO ][20160919 02:22:09,362][SingleConnectionFactory:291] Established shared JMS Connection: PooledConnection { ConnectionPool[ActiveMQConnection {id=ID:DESKTOP-L2SK08J-7769-1474222929239-1:1,clientId=null,started=false}] }
[INFO ][20160919 02:22:09,405][DefaultLifecycleProcessor$LifecycleGroup:334] Starting beans in phase 2147483647
[INFO ][20160919 02:22:09,505][ConsumerSessionAwareMessageListener:41] ==>receive message:{"content":"通过ActiveMQ异步发送邮件！","subject":"ActiveMQ测试","to":"1161766834@qq.com"}
[INFO ][20160919 02:25:00,906][AbstractApplicationContext:510] Refreshing org.springframework.context.support.ClassPathXmlApplicationContext@2b977d1b: startup date [Mon Sep 19 02:25:00 CST 2016]; root of context hierarchy
[INFO ][20160919 02:25:01,067][XmlBeanDefinitionReader:315] Loading XML bean definitions from class path resource [spring/spring-context.xml]
[INFO ][20160919 02:25:01,576][XmlBeanDefinitionReader:315] Loading XML bean definitions from class path resource [spring/spring-mq.xml]
[INFO ][20160919 02:25:01,656][DefaultListableBeanFactory:665] Overriding bean definition for bean 'consumerSessionAwareMessageListener': replacing [Generic bean: class [com.liwenhao.edu.demo.mqtest.listener.ConsumerSessionAwareMessageListener]; scope=singleton; abstract=false; lazyInit=false; autowireMode=1; dependencyCheck=0; autowireCandidate=true; primary=false; factoryBeanName=null; factoryMethodName=null; initMethodName=null; destroyMethodName=null; defined in file [D:\IntellijSpace\dubbo\edu-dubbo\edu-demo-mqconsumer\target\classes\com\liwenhao\edu\demo\mqtest\listener\ConsumerSessionAwareMessageListener.class]] with [Generic bean: class [com.liwenhao.edu.demo.mqtest.listener.ConsumerSessionAwareMessageListener]; scope=; abstract=false; lazyInit=false; autowireMode=1; dependencyCheck=0; autowireCandidate=true; primary=false; factoryBeanName=null; factoryMethodName=null; initMethodName=null; destroyMethodName=null; defined in class path resource [spring/spring-mq.xml]]
[INFO ][20160919 02:25:01,658][XmlBeanDefinitionReader:315] Loading XML bean definitions from class path resource [spring/spring-mail.xml]
[INFO ][20160919 02:25:02,159][PropertiesLoaderSupport:172] Loading properties file from class path resource [mq.properties]
[INFO ][20160919 02:25:02,161][PropertiesLoaderSupport:172] Loading properties file from class path resource [mail.properties]
[INFO ][20160919 02:25:02,813][DefaultListableBeanFactory:598] Pre-instantiating singletons in org.springframework.beans.factory.support.DefaultListableBeanFactory@17057422: defining beans [org.springframework.context.annotation.internalConfigurationAnnotationProcessor,org.springframework.context.annotation.internalAutowiredAnnotationProcessor,org.springframework.context.annotation.internalRequiredAnnotationProcessor,org.springframework.context.annotation.internalCommonAnnotationProcessor,mailBiz,consumerSessionAwareMessageListener,org.springframework.context.support.PropertySourcesPlaceholderConfigurer#0,org.springframework.aop.config.internalAutoProxyCreator,targetConnectionFactory,pooledConnectionFactory,connectionFactory,activeMqJmsTemplate,sessionAwareQueue,sessionAwareListenerContainer,mailSender,simpleMailMessage,threadPool,org.springframework.context.annotation.ConfigurationClassPostProcessor.importAwareProcessor]; root of factory hierarchy
[INFO ][20160919 02:25:03,217][ExecutorConfigurationSupport:154] Initializing ExecutorService  'threadPool'
[INFO ][20160919 02:25:03,583][DefaultLifecycleProcessor$LifecycleGroup:334] Starting beans in phase 2147483647
[INFO ][20160919 02:25:03,842][SingleConnectionFactory:291] Established shared JMS Connection: PooledConnection { ConnectionPool[ActiveMQConnection {id=ID:DESKTOP-L2SK08J-7895-1474223103705-1:1,clientId=null,started=false}] }
[INFO ][20160919 02:25:03,877][DefaultLifecycleProcessor$LifecycleGroup:334] Starting beans in phase 2147483647
[INFO ][20160919 02:25:03,955][ConsumerSessionAwareMessageListener:41] ==>receive message:{"content":"通过ActiveMQ异步发送邮件！","subject":"ActiveMQ测试","to":"1161766834@qq.com"}
[INFO ][20160919 02:35:23,890][AbstractApplicationContext:510] Refreshing org.springframework.context.support.ClassPathXmlApplicationContext@2642c966: startup date [Mon Sep 19 02:35:23 CST 2016]; root of context hierarchy
[INFO ][20160919 02:35:24,014][XmlBeanDefinitionReader:315] Loading XML bean definitions from class path resource [spring/spring-context.xml]
[INFO ][20160919 02:35:24,514][XmlBeanDefinitionReader:315] Loading XML bean definitions from class path resource [spring/spring-mq.xml]
[INFO ][20160919 02:35:24,610][DefaultListableBeanFactory:665] Overriding bean definition for bean 'consumerSessionAwareMessageListener': replacing [Generic bean: class [com.liwenhao.edu.demo.mqtest.listener.ConsumerSessionAwareMessageListener]; scope=singleton; abstract=false; lazyInit=false; autowireMode=1; dependencyCheck=0; autowireCandidate=true; primary=false; factoryBeanName=null; factoryMethodName=null; initMethodName=null; destroyMethodName=null; defined in file [D:\IntellijSpace\dubbo\edu-dubbo\edu-demo-mqconsumer\target\classes\com\liwenhao\edu\demo\mqtest\listener\ConsumerSessionAwareMessageListener.class]] with [Generic bean: class [com.liwenhao.edu.demo.mqtest.listener.ConsumerSessionAwareMessageListener]; scope=; abstract=false; lazyInit=false; autowireMode=1; dependencyCheck=0; autowireCandidate=true; primary=false; factoryBeanName=null; factoryMethodName=null; initMethodName=null; destroyMethodName=null; defined in class path resource [spring/spring-mq.xml]]
[INFO ][20160919 02:35:24,613][XmlBeanDefinitionReader:315] Loading XML bean definitions from class path resource [spring/spring-mail.xml]
[INFO ][20160919 02:35:24,990][PropertiesLoaderSupport:172] Loading properties file from class path resource [mq.properties]
[INFO ][20160919 02:35:24,992][PropertiesLoaderSupport:172] Loading properties file from class path resource [mail.properties]
[INFO ][20160919 02:35:25,435][DefaultListableBeanFactory:598] Pre-instantiating singletons in org.springframework.beans.factory.support.DefaultListableBeanFactory@670b6ffc: defining beans [org.springframework.context.annotation.internalConfigurationAnnotationProcessor,org.springframework.context.annotation.internalAutowiredAnnotationProcessor,org.springframework.context.annotation.internalRequiredAnnotationProcessor,org.springframework.context.annotation.internalCommonAnnotationProcessor,mailBiz,consumerSessionAwareMessageListener,org.springframework.context.support.PropertySourcesPlaceholderConfigurer#0,org.springframework.aop.config.internalAutoProxyCreator,targetConnectionFactory,pooledConnectionFactory,connectionFactory,activeMqJmsTemplate,sessionAwareQueue,sessionAwareListenerContainer,mailSender,simpleMailMessage,threadPool,org.springframework.context.annotation.ConfigurationClassPostProcessor.importAwareProcessor]; root of factory hierarchy
[INFO ][20160919 02:35:26,041][ExecutorConfigurationSupport:154] Initializing ExecutorService  'threadPool'
[INFO ][20160919 02:35:26,417][DefaultLifecycleProcessor$LifecycleGroup:334] Starting beans in phase 2147483647
[INFO ][20160919 02:35:26,709][SingleConnectionFactory:291] Established shared JMS Connection: PooledConnection { ConnectionPool[ActiveMQConnection {id=ID:DESKTOP-L2SK08J-8577-1474223726583-1:1,clientId=null,started=false}] }
[INFO ][20160919 02:35:26,780][DefaultLifecycleProcessor$LifecycleGroup:334] Starting beans in phase 2147483647
[INFO ][20160919 02:35:26,923][ConsumerSessionAwareMessageListener:41] ==>receive message:{"content":"通过ActiveMQ异步发送邮件！","subject":"ActiveMQ测试","to":"yuanyuanliwenhao@163.com"}
[INFO ][20160919 12:20:37,181][AbstractApplicationContext:510] Refreshing org.springframework.context.support.ClassPathXmlApplicationContext@2642c966: startup date [Mon Sep 19 12:20:37 CST 2016]; root of context hierarchy
[INFO ][20160919 12:20:37,286][XmlBeanDefinitionReader:315] Loading XML bean definitions from class path resource [spring/spring-context.xml]
[INFO ][20160919 12:20:37,718][XmlBeanDefinitionReader:315] Loading XML bean definitions from class path resource [spring/spring-mq.xml]
[INFO ][20160919 12:20:37,787][DefaultListableBeanFactory:665] Overriding bean definition for bean 'consumerSessionAwareMessageListener': replacing [Generic bean: class [com.liwenhao.edu.demo.mqtest.listener.ConsumerSessionAwareMessageListener]; scope=singleton; abstract=false; lazyInit=false; autowireMode=1; dependencyCheck=0; autowireCandidate=true; primary=false; factoryBeanName=null; factoryMethodName=null; initMethodName=null; destroyMethodName=null; defined in file [D:\IntellijSpace\dubbo\edu-dubbo\edu-demo-mqconsumer\target\classes\com\liwenhao\edu\demo\mqtest\listener\ConsumerSessionAwareMessageListener.class]] with [Generic bean: class [com.liwenhao.edu.demo.mqtest.listener.ConsumerSessionAwareMessageListener]; scope=; abstract=false; lazyInit=false; autowireMode=1; dependencyCheck=0; autowireCandidate=true; primary=false; factoryBeanName=null; factoryMethodName=null; initMethodName=null; destroyMethodName=null; defined in class path resource [spring/spring-mq.xml]]
[INFO ][20160919 12:20:37,791][XmlBeanDefinitionReader:315] Loading XML bean definitions from class path resource [spring/spring-mail.xml]
[INFO ][20160919 12:20:38,432][PropertiesLoaderSupport:172] Loading properties file from class path resource [mq.properties]
[INFO ][20160919 12:20:38,441][PropertiesLoaderSupport:172] Loading properties file from class path resource [mail.properties]
[INFO ][20160919 12:20:38,687][DefaultListableBeanFactory:598] Pre-instantiating singletons in org.springframework.beans.factory.support.DefaultListableBeanFactory@1fe53e3e: defining beans [org.springframework.context.annotation.internalConfigurationAnnotationProcessor,org.springframework.context.annotation.internalAutowiredAnnotationProcessor,org.springframework.context.annotation.internalRequiredAnnotationProcessor,org.springframework.context.annotation.internalCommonAnnotationProcessor,mailBiz,consumerSessionAwareMessageListener,org.springframework.context.support.PropertySourcesPlaceholderConfigurer#0,org.springframework.aop.config.internalAutoProxyCreator,targetConnectionFactory,pooledConnectionFactory,connectionFactory,activeMqJmsTemplate,sessionAwareQueue,sessionAwareListenerContainer,mailSender,simpleMailMessage,threadPool,org.springframework.context.annotation.ConfigurationClassPostProcessor.importAwareProcessor]; root of factory hierarchy
[INFO ][20160919 12:20:38,954][ExecutorConfigurationSupport:154] Initializing ExecutorService  'threadPool'
[INFO ][20160919 12:20:39,403][DefaultLifecycleProcessor$LifecycleGroup:334] Starting beans in phase 2147483647
[INFO ][20160919 12:20:39,660][SingleConnectionFactory:291] Established shared JMS Connection: PooledConnection { ConnectionPool[ActiveMQConnection {id=ID:DESKTOP-L2SK08J-7756-1474258839539-1:1,clientId=null,started=false}] }
[INFO ][20160919 12:20:39,695][DefaultLifecycleProcessor$LifecycleGroup:334] Starting beans in phase 2147483647
[INFO ][20160919 12:20:39,804][ConsumerSessionAwareMessageListener:41] ==>receive message:{"content":"通过ActiveMQ异步发送邮件！","subject":"ActiveMQ测试","to":"yuanyuanliwenhao@163.com"}
[INFO ][20160919 12:34:38,139][AbstractApplicationContext:510] Refreshing org.springframework.context.support.ClassPathXmlApplicationContext@66968df8: startup date [Mon Sep 19 12:34:38 CST 2016]; root of context hierarchy
[INFO ][20160919 12:34:38,215][XmlBeanDefinitionReader:315] Loading XML bean definitions from class path resource [spring/spring-context.xml]
[INFO ][20160919 12:34:38,704][XmlBeanDefinitionReader:315] Loading XML bean definitions from class path resource [spring/spring-mq.xml]
[INFO ][20160919 12:34:38,765][DefaultListableBeanFactory:665] Overriding bean definition for bean 'consumerSessionAwareMessageListener': replacing [Generic bean: class [com.liwenhao.edu.demo.mqtest.listener.ConsumerSessionAwareMessageListener]; scope=singleton; abstract=false; lazyInit=false; autowireMode=1; dependencyCheck=0; autowireCandidate=true; primary=false; factoryBeanName=null; factoryMethodName=null; initMethodName=null; destroyMethodName=null; defined in file [D:\IntellijSpace\dubbo\edu-dubbo\edu-demo-mqconsumer\target\classes\com\liwenhao\edu\demo\mqtest\listener\ConsumerSessionAwareMessageListener.class]] with [Generic bean: class [com.liwenhao.edu.demo.mqtest.listener.ConsumerSessionAwareMessageListener]; scope=; abstract=false; lazyInit=false; autowireMode=1; dependencyCheck=0; autowireCandidate=true; primary=false; factoryBeanName=null; factoryMethodName=null; initMethodName=null; destroyMethodName=null; defined in class path resource [spring/spring-mq.xml]]
[INFO ][20160919 12:34:38,767][XmlBeanDefinitionReader:315] Loading XML bean definitions from class path resource [spring/spring-mail.xml]
[INFO ][20160919 12:34:39,010][PropertiesLoaderSupport:172] Loading properties file from class path resource [mq.properties]
[INFO ][20160919 12:34:39,011][PropertiesLoaderSupport:172] Loading properties file from class path resource [mail.properties]
[INFO ][20160919 12:34:39,125][DefaultListableBeanFactory:598] Pre-instantiating singletons in org.springframework.beans.factory.support.DefaultListableBeanFactory@670b6ffc: defining beans [org.springframework.context.annotation.internalConfigurationAnnotationProcessor,org.springframework.context.annotation.internalAutowiredAnnotationProcessor,org.springframework.context.annotation.internalRequiredAnnotationProcessor,org.springframework.context.annotation.internalCommonAnnotationProcessor,mailBiz,consumerSessionAwareMessageListener,org.springframework.context.support.PropertySourcesPlaceholderConfigurer#0,org.springframework.aop.config.internalAutoProxyCreator,targetConnectionFactory,pooledConnectionFactory,connectionFactory,activeMqJmsTemplate,sessionAwareQueue,sessionAwareListenerContainer,mailSender,simpleMailMessage,threadPool,org.springframework.context.annotation.ConfigurationClassPostProcessor.importAwareProcessor]; root of factory hierarchy
[INFO ][20160919 12:34:39,369][ExecutorConfigurationSupport:154] Initializing ExecutorService  'threadPool'
[INFO ][20160919 12:34:40,127][DefaultLifecycleProcessor$LifecycleGroup:334] Starting beans in phase 2147483647
[INFO ][20160919 12:34:40,505][SingleConnectionFactory:291] Established shared JMS Connection: PooledConnection { ConnectionPool[ActiveMQConnection {id=ID:DESKTOP-L2SK08J-9720-1474259680382-1:1,clientId=null,started=false}] }
[INFO ][20160919 12:34:40,535][DefaultLifecycleProcessor$LifecycleGroup:334] Starting beans in phase 2147483647
[INFO ][20160919 12:34:40,592][ConsumerSessionAwareMessageListener:41] ==>receive message:{"content":"通过ActiveMQ异步发送邮件！","subject":"ActiveMQ测试","to":"yuanyuanliwenhao@163.com"}
